[2025-01-14T12:46:31.104+0000] {processor.py:161} INFO - Started process (PID=28) to work on /opt/airflow/dags/query_db_dag.py
[2025-01-14T12:46:31.105+0000] {processor.py:830} INFO - Processing file /opt/airflow/dags/query_db_dag.py for tasks to queue
[2025-01-14T12:46:31.106+0000] {logging_mixin.py:188} INFO - [2025-01-14T12:46:31.106+0000] {dagbag.py:538} INFO - Filling up the DagBag from /opt/airflow/dags/query_db_dag.py
[2025-01-14T12:46:31.118+0000] {processor.py:840} INFO - DAG(s) 'query_db_dag' retrieved from /opt/airflow/dags/query_db_dag.py
[2025-01-14T12:46:31.212+0000] {logging_mixin.py:188} INFO - [2025-01-14T12:46:31.211+0000] {override.py:1769} INFO - Created Permission View: can delete on DAG:query_db_dag
[2025-01-14T12:46:31.253+0000] {logging_mixin.py:188} INFO - [2025-01-14T12:46:31.252+0000] {override.py:1769} INFO - Created Permission View: can read on DAG:query_db_dag
[2025-01-14T12:46:31.290+0000] {logging_mixin.py:188} INFO - [2025-01-14T12:46:31.290+0000] {override.py:1769} INFO - Created Permission View: can edit on DAG:query_db_dag
[2025-01-14T12:46:31.291+0000] {logging_mixin.py:188} INFO - [2025-01-14T12:46:31.291+0000] {dag.py:3033} INFO - Sync 1 DAGs
[2025-01-14T12:46:31.303+0000] {logging_mixin.py:188} INFO - [2025-01-14T12:46:31.302+0000] {dag.py:3055} INFO - Creating ORM DAG for query_db_dag
[2025-01-14T12:46:31.303+0000] {logging_mixin.py:188} INFO - [2025-01-14T12:46:31.303+0000] {dag.py:3820} INFO - Setting next_dagrun for query_db_dag to None, run_after=None
[2025-01-14T12:46:31.362+0000] {processor.py:183} INFO - Processing /opt/airflow/dags/query_db_dag.py took 0.261 seconds
[2025-01-14T12:47:05.168+0000] {processor.py:161} INFO - Started process (PID=51) to work on /opt/airflow/dags/query_db_dag.py
[2025-01-14T12:47:05.169+0000] {processor.py:830} INFO - Processing file /opt/airflow/dags/query_db_dag.py for tasks to queue
[2025-01-14T12:47:05.171+0000] {logging_mixin.py:188} INFO - [2025-01-14T12:47:05.170+0000] {dagbag.py:538} INFO - Filling up the DagBag from /opt/airflow/dags/query_db_dag.py
[2025-01-14T12:47:05.188+0000] {processor.py:840} INFO - DAG(s) 'query_db_dag' retrieved from /opt/airflow/dags/query_db_dag.py
[2025-01-14T12:47:05.232+0000] {logging_mixin.py:188} INFO - [2025-01-14T12:47:05.232+0000] {dag.py:3033} INFO - Sync 1 DAGs
[2025-01-14T12:47:05.247+0000] {logging_mixin.py:188} INFO - [2025-01-14T12:47:05.247+0000] {dag.py:3820} INFO - Setting next_dagrun for query_db_dag to None, run_after=None
[2025-01-14T12:47:05.278+0000] {processor.py:183} INFO - Processing /opt/airflow/dags/query_db_dag.py took 0.117 seconds
[2025-01-14T12:47:36.000+0000] {processor.py:161} INFO - Started process (PID=62) to work on /opt/airflow/dags/query_db_dag.py
[2025-01-14T12:47:36.001+0000] {processor.py:830} INFO - Processing file /opt/airflow/dags/query_db_dag.py for tasks to queue
[2025-01-14T12:47:36.003+0000] {logging_mixin.py:188} INFO - [2025-01-14T12:47:36.002+0000] {dagbag.py:538} INFO - Filling up the DagBag from /opt/airflow/dags/query_db_dag.py
[2025-01-14T12:47:36.041+0000] {processor.py:840} INFO - DAG(s) 'query_db_dag' retrieved from /opt/airflow/dags/query_db_dag.py
[2025-01-14T12:47:36.142+0000] {logging_mixin.py:188} INFO - [2025-01-14T12:47:36.141+0000] {dag.py:3033} INFO - Sync 1 DAGs
[2025-01-14T12:47:36.169+0000] {logging_mixin.py:188} INFO - [2025-01-14T12:47:36.169+0000] {dag.py:3820} INFO - Setting next_dagrun for query_db_dag to None, run_after=None
[2025-01-14T12:47:36.388+0000] {processor.py:183} INFO - Processing /opt/airflow/dags/query_db_dag.py took 0.391 seconds
