[2025-01-14T12:46:28.133+0000] {processor.py:161} INFO - Started process (PID=26) to work on /opt/airflow/dags/task_dep_dag_2.py
[2025-01-14T12:46:28.134+0000] {processor.py:830} INFO - Processing file /opt/airflow/dags/task_dep_dag_2.py for tasks to queue
[2025-01-14T12:46:28.136+0000] {logging_mixin.py:188} INFO - [2025-01-14T12:46:28.135+0000] {dagbag.py:538} INFO - Filling up the DagBag from /opt/airflow/dags/task_dep_dag_2.py
[2025-01-14T12:46:28.162+0000] {processor.py:840} INFO - DAG(s) 'task_dep_dag_2' retrieved from /opt/airflow/dags/task_dep_dag_2.py
[2025-01-14T12:46:28.364+0000] {logging_mixin.py:188} INFO - [2025-01-14T12:46:28.363+0000] {override.py:1769} INFO - Created Permission View: can delete on DAG:task_dep_dag_2
[2025-01-14T12:46:28.398+0000] {logging_mixin.py:188} INFO - [2025-01-14T12:46:28.398+0000] {override.py:1769} INFO - Created Permission View: can read on DAG:task_dep_dag_2
[2025-01-14T12:46:28.421+0000] {logging_mixin.py:188} INFO - [2025-01-14T12:46:28.421+0000] {override.py:1769} INFO - Created Permission View: can edit on DAG:task_dep_dag_2
[2025-01-14T12:46:28.421+0000] {logging_mixin.py:188} INFO - [2025-01-14T12:46:28.421+0000] {dag.py:3033} INFO - Sync 1 DAGs
[2025-01-14T12:46:28.434+0000] {logging_mixin.py:188} INFO - [2025-01-14T12:46:28.434+0000] {dag.py:3055} INFO - Creating ORM DAG for task_dep_dag_2
[2025-01-14T12:46:28.434+0000] {logging_mixin.py:188} INFO - [2025-01-14T12:46:28.434+0000] {dag.py:3820} INFO - Setting next_dagrun for task_dep_dag_2 to None, run_after=None
[2025-01-14T12:46:28.488+0000] {processor.py:183} INFO - Processing /opt/airflow/dags/task_dep_dag_2.py took 0.358 seconds
[2025-01-14T12:46:59.009+0000] {processor.py:161} INFO - Started process (PID=37) to work on /opt/airflow/dags/task_dep_dag_2.py
[2025-01-14T12:46:59.012+0000] {processor.py:830} INFO - Processing file /opt/airflow/dags/task_dep_dag_2.py for tasks to queue
[2025-01-14T12:46:59.014+0000] {logging_mixin.py:188} INFO - [2025-01-14T12:46:59.013+0000] {dagbag.py:538} INFO - Filling up the DagBag from /opt/airflow/dags/task_dep_dag_2.py
[2025-01-14T12:46:59.038+0000] {processor.py:840} INFO - DAG(s) 'task_dep_dag_2' retrieved from /opt/airflow/dags/task_dep_dag_2.py
[2025-01-14T12:46:59.083+0000] {logging_mixin.py:188} INFO - [2025-01-14T12:46:59.083+0000] {dag.py:3033} INFO - Sync 1 DAGs
[2025-01-14T12:46:59.099+0000] {logging_mixin.py:188} INFO - [2025-01-14T12:46:59.099+0000] {dag.py:3820} INFO - Setting next_dagrun for task_dep_dag_2 to None, run_after=None
[2025-01-14T12:46:59.131+0000] {processor.py:183} INFO - Processing /opt/airflow/dags/task_dep_dag_2.py took 0.127 seconds
[2025-01-14T12:47:29.655+0000] {processor.py:161} INFO - Started process (PID=60) to work on /opt/airflow/dags/task_dep_dag_2.py
[2025-01-14T12:47:29.669+0000] {processor.py:830} INFO - Processing file /opt/airflow/dags/task_dep_dag_2.py for tasks to queue
[2025-01-14T12:47:29.674+0000] {logging_mixin.py:188} INFO - [2025-01-14T12:47:29.673+0000] {dagbag.py:538} INFO - Filling up the DagBag from /opt/airflow/dags/task_dep_dag_2.py
[2025-01-14T12:47:29.700+0000] {processor.py:840} INFO - DAG(s) 'task_dep_dag_2' retrieved from /opt/airflow/dags/task_dep_dag_2.py
[2025-01-14T12:47:29.734+0000] {logging_mixin.py:188} INFO - [2025-01-14T12:47:29.734+0000] {dag.py:3033} INFO - Sync 1 DAGs
[2025-01-14T12:47:29.756+0000] {logging_mixin.py:188} INFO - [2025-01-14T12:47:29.756+0000] {dag.py:3820} INFO - Setting next_dagrun for task_dep_dag_2 to None, run_after=None
[2025-01-14T12:47:29.802+0000] {processor.py:183} INFO - Processing /opt/airflow/dags/task_dep_dag_2.py took 0.159 seconds
[2025-01-14T12:48:00.054+0000] {processor.py:161} INFO - Started process (PID=70) to work on /opt/airflow/dags/task_dep_dag_2.py
[2025-01-14T12:48:00.057+0000] {processor.py:830} INFO - Processing file /opt/airflow/dags/task_dep_dag_2.py for tasks to queue
[2025-01-14T12:48:00.060+0000] {logging_mixin.py:188} INFO - [2025-01-14T12:48:00.058+0000] {dagbag.py:538} INFO - Filling up the DagBag from /opt/airflow/dags/task_dep_dag_2.py
[2025-01-14T12:48:00.080+0000] {processor.py:840} INFO - DAG(s) 'task_dep_dag_2' retrieved from /opt/airflow/dags/task_dep_dag_2.py
[2025-01-14T12:48:00.105+0000] {logging_mixin.py:188} INFO - [2025-01-14T12:48:00.105+0000] {dag.py:3033} INFO - Sync 1 DAGs
[2025-01-14T12:48:00.117+0000] {logging_mixin.py:188} INFO - [2025-01-14T12:48:00.117+0000] {dag.py:3820} INFO - Setting next_dagrun for task_dep_dag_2 to None, run_after=None
[2025-01-14T12:48:00.149+0000] {processor.py:183} INFO - Processing /opt/airflow/dags/task_dep_dag_2.py took 0.127 seconds
