[2025-01-14T12:46:29.643+0000] {processor.py:161} INFO - Started process (PID=27) to work on /opt/airflow/dags/task_dep_dag_1.py
[2025-01-14T12:46:29.645+0000] {processor.py:830} INFO - Processing file /opt/airflow/dags/task_dep_dag_1.py for tasks to queue
[2025-01-14T12:46:29.646+0000] {logging_mixin.py:188} INFO - [2025-01-14T12:46:29.645+0000] {dagbag.py:538} INFO - Filling up the DagBag from /opt/airflow/dags/task_dep_dag_1.py
[2025-01-14T12:46:29.662+0000] {processor.py:840} INFO - DAG(s) 'task_dep_dag_1' retrieved from /opt/airflow/dags/task_dep_dag_1.py
[2025-01-14T12:46:29.782+0000] {logging_mixin.py:188} INFO - [2025-01-14T12:46:29.781+0000] {override.py:1769} INFO - Created Permission View: can delete on DAG:task_dep_dag_1
[2025-01-14T12:46:29.815+0000] {logging_mixin.py:188} INFO - [2025-01-14T12:46:29.815+0000] {override.py:1769} INFO - Created Permission View: can read on DAG:task_dep_dag_1
[2025-01-14T12:46:29.860+0000] {logging_mixin.py:188} INFO - [2025-01-14T12:46:29.860+0000] {override.py:1769} INFO - Created Permission View: can edit on DAG:task_dep_dag_1
[2025-01-14T12:46:29.861+0000] {logging_mixin.py:188} INFO - [2025-01-14T12:46:29.861+0000] {dag.py:3033} INFO - Sync 1 DAGs
[2025-01-14T12:46:29.876+0000] {logging_mixin.py:188} INFO - [2025-01-14T12:46:29.875+0000] {dag.py:3055} INFO - Creating ORM DAG for task_dep_dag_1
[2025-01-14T12:46:29.876+0000] {logging_mixin.py:188} INFO - [2025-01-14T12:46:29.876+0000] {dag.py:3820} INFO - Setting next_dagrun for task_dep_dag_1 to None, run_after=None
[2025-01-14T12:46:29.944+0000] {processor.py:183} INFO - Processing /opt/airflow/dags/task_dep_dag_1.py took 0.307 seconds
[2025-01-14T12:47:01.746+0000] {processor.py:161} INFO - Started process (PID=44) to work on /opt/airflow/dags/task_dep_dag_1.py
[2025-01-14T12:47:01.748+0000] {processor.py:830} INFO - Processing file /opt/airflow/dags/task_dep_dag_1.py for tasks to queue
[2025-01-14T12:47:01.750+0000] {logging_mixin.py:188} INFO - [2025-01-14T12:47:01.749+0000] {dagbag.py:538} INFO - Filling up the DagBag from /opt/airflow/dags/task_dep_dag_1.py
[2025-01-14T12:47:01.772+0000] {processor.py:840} INFO - DAG(s) 'task_dep_dag_1' retrieved from /opt/airflow/dags/task_dep_dag_1.py
[2025-01-14T12:47:01.815+0000] {logging_mixin.py:188} INFO - [2025-01-14T12:47:01.815+0000] {dag.py:3033} INFO - Sync 1 DAGs
[2025-01-14T12:47:01.832+0000] {logging_mixin.py:188} INFO - [2025-01-14T12:47:01.832+0000] {dag.py:3820} INFO - Setting next_dagrun for task_dep_dag_1 to None, run_after=None
[2025-01-14T12:47:01.952+0000] {processor.py:183} INFO - Processing /opt/airflow/dags/task_dep_dag_1.py took 0.211 seconds
[2025-01-14T12:47:32.395+0000] {processor.py:161} INFO - Started process (PID=61) to work on /opt/airflow/dags/task_dep_dag_1.py
[2025-01-14T12:47:32.398+0000] {processor.py:830} INFO - Processing file /opt/airflow/dags/task_dep_dag_1.py for tasks to queue
[2025-01-14T12:47:32.401+0000] {logging_mixin.py:188} INFO - [2025-01-14T12:47:32.399+0000] {dagbag.py:538} INFO - Filling up the DagBag from /opt/airflow/dags/task_dep_dag_1.py
[2025-01-14T12:47:32.438+0000] {processor.py:840} INFO - DAG(s) 'task_dep_dag_1' retrieved from /opt/airflow/dags/task_dep_dag_1.py
[2025-01-14T12:47:32.473+0000] {logging_mixin.py:188} INFO - [2025-01-14T12:47:32.473+0000] {dag.py:3033} INFO - Sync 1 DAGs
[2025-01-14T12:47:32.486+0000] {logging_mixin.py:188} INFO - [2025-01-14T12:47:32.486+0000] {dag.py:3820} INFO - Setting next_dagrun for task_dep_dag_1 to None, run_after=None
[2025-01-14T12:47:32.531+0000] {processor.py:183} INFO - Processing /opt/airflow/dags/task_dep_dag_1.py took 0.143 seconds
[2025-01-14T12:48:03.345+0000] {processor.py:161} INFO - Started process (PID=71) to work on /opt/airflow/dags/task_dep_dag_1.py
[2025-01-14T12:48:03.347+0000] {processor.py:830} INFO - Processing file /opt/airflow/dags/task_dep_dag_1.py for tasks to queue
[2025-01-14T12:48:03.349+0000] {logging_mixin.py:188} INFO - [2025-01-14T12:48:03.349+0000] {dagbag.py:538} INFO - Filling up the DagBag from /opt/airflow/dags/task_dep_dag_1.py
[2025-01-14T12:48:03.368+0000] {processor.py:840} INFO - DAG(s) 'task_dep_dag_1' retrieved from /opt/airflow/dags/task_dep_dag_1.py
[2025-01-14T12:48:03.391+0000] {logging_mixin.py:188} INFO - [2025-01-14T12:48:03.391+0000] {dag.py:3033} INFO - Sync 1 DAGs
[2025-01-14T12:48:03.400+0000] {logging_mixin.py:188} INFO - [2025-01-14T12:48:03.400+0000] {dag.py:3820} INFO - Setting next_dagrun for task_dep_dag_1 to None, run_after=None
[2025-01-14T12:48:03.429+0000] {processor.py:183} INFO - Processing /opt/airflow/dags/task_dep_dag_1.py took 0.089 seconds
