[2025-01-09T14:39:28.686+0000] {processor.py:157} INFO - Started process (PID=163) to work on /opt/airflow/dags/config_loader_dag.py
[2025-01-09T14:39:28.687+0000] {processor.py:826} INFO - Processing file /opt/airflow/dags/config_loader_dag.py for tasks to queue
[2025-01-09T14:39:28.688+0000] {logging_mixin.py:149} INFO - [2025-01-09T14:39:28.688+0000] {dagbag.py:541} INFO - Filling up the DagBag from /opt/airflow/dags/config_loader_dag.py
[2025-01-09T14:39:28.695+0000] {processor.py:836} INFO - DAG(s) dict_keys(['config_loader_dag']) retrieved from /opt/airflow/dags/config_loader_dag.py
[2025-01-09T14:39:28.709+0000] {logging_mixin.py:149} INFO - [2025-01-09T14:39:28.709+0000] {dag.py:2726} INFO - Sync 1 DAGs
[2025-01-09T14:39:28.721+0000] {logging_mixin.py:149} INFO - [2025-01-09T14:39:28.721+0000] {dag.py:3490} INFO - Setting next_dagrun for config_loader_dag to 2025-01-08T00:00:00+00:00, run_after=2025-01-09T00:00:00+00:00
[2025-01-09T14:39:28.732+0000] {processor.py:179} INFO - Processing /opt/airflow/dags/config_loader_dag.py took 0.048 seconds
[2025-01-09T14:39:58.923+0000] {processor.py:157} INFO - Started process (PID=175) to work on /opt/airflow/dags/config_loader_dag.py
[2025-01-09T14:39:58.925+0000] {processor.py:826} INFO - Processing file /opt/airflow/dags/config_loader_dag.py for tasks to queue
[2025-01-09T14:39:58.927+0000] {logging_mixin.py:149} INFO - [2025-01-09T14:39:58.927+0000] {dagbag.py:541} INFO - Filling up the DagBag from /opt/airflow/dags/config_loader_dag.py
[2025-01-09T14:39:58.937+0000] {processor.py:836} INFO - DAG(s) dict_keys(['config_loader_dag']) retrieved from /opt/airflow/dags/config_loader_dag.py
[2025-01-09T14:39:58.958+0000] {logging_mixin.py:149} INFO - [2025-01-09T14:39:58.958+0000] {dag.py:2726} INFO - Sync 1 DAGs
[2025-01-09T14:39:58.973+0000] {logging_mixin.py:149} INFO - [2025-01-09T14:39:58.973+0000] {dag.py:3490} INFO - Setting next_dagrun for config_loader_dag to 2025-01-08T00:00:00+00:00, run_after=2025-01-09T00:00:00+00:00
[2025-01-09T14:39:58.982+0000] {processor.py:179} INFO - Processing /opt/airflow/dags/config_loader_dag.py took 0.064 seconds
[2025-01-09T14:40:29.250+0000] {processor.py:157} INFO - Started process (PID=185) to work on /opt/airflow/dags/config_loader_dag.py
[2025-01-09T14:40:29.252+0000] {processor.py:826} INFO - Processing file /opt/airflow/dags/config_loader_dag.py for tasks to queue
[2025-01-09T14:40:29.252+0000] {logging_mixin.py:149} INFO - [2025-01-09T14:40:29.252+0000] {dagbag.py:541} INFO - Filling up the DagBag from /opt/airflow/dags/config_loader_dag.py
[2025-01-09T14:40:29.265+0000] {processor.py:836} INFO - DAG(s) dict_keys(['config_loader_dag']) retrieved from /opt/airflow/dags/config_loader_dag.py
[2025-01-09T14:40:29.287+0000] {logging_mixin.py:149} INFO - [2025-01-09T14:40:29.287+0000] {dag.py:2726} INFO - Sync 1 DAGs
[2025-01-09T14:40:29.300+0000] {logging_mixin.py:149} INFO - [2025-01-09T14:40:29.300+0000] {dag.py:3490} INFO - Setting next_dagrun for config_loader_dag to 2025-01-08T00:00:00+00:00, run_after=2025-01-09T00:00:00+00:00
[2025-01-09T14:40:29.308+0000] {processor.py:179} INFO - Processing /opt/airflow/dags/config_loader_dag.py took 0.062 seconds
[2025-01-09T14:40:59.557+0000] {processor.py:157} INFO - Started process (PID=197) to work on /opt/airflow/dags/config_loader_dag.py
[2025-01-09T14:40:59.558+0000] {processor.py:826} INFO - Processing file /opt/airflow/dags/config_loader_dag.py for tasks to queue
[2025-01-09T14:40:59.559+0000] {logging_mixin.py:149} INFO - [2025-01-09T14:40:59.559+0000] {dagbag.py:541} INFO - Filling up the DagBag from /opt/airflow/dags/config_loader_dag.py
[2025-01-09T14:40:59.569+0000] {processor.py:836} INFO - DAG(s) dict_keys(['config_loader_dag']) retrieved from /opt/airflow/dags/config_loader_dag.py
[2025-01-09T14:40:59.594+0000] {logging_mixin.py:149} INFO - [2025-01-09T14:40:59.594+0000] {dag.py:2726} INFO - Sync 1 DAGs
[2025-01-09T14:40:59.607+0000] {logging_mixin.py:149} INFO - [2025-01-09T14:40:59.607+0000] {dag.py:3490} INFO - Setting next_dagrun for config_loader_dag to 2025-01-09T00:00:00+00:00, run_after=2025-01-10T00:00:00+00:00
[2025-01-09T14:40:59.619+0000] {processor.py:179} INFO - Processing /opt/airflow/dags/config_loader_dag.py took 0.069 seconds
[2025-01-09T14:41:29.870+0000] {processor.py:157} INFO - Started process (PID=209) to work on /opt/airflow/dags/config_loader_dag.py
[2025-01-09T14:41:29.871+0000] {processor.py:826} INFO - Processing file /opt/airflow/dags/config_loader_dag.py for tasks to queue
[2025-01-09T14:41:29.872+0000] {logging_mixin.py:149} INFO - [2025-01-09T14:41:29.872+0000] {dagbag.py:541} INFO - Filling up the DagBag from /opt/airflow/dags/config_loader_dag.py
[2025-01-09T14:41:29.887+0000] {processor.py:836} INFO - DAG(s) dict_keys(['config_loader_dag']) retrieved from /opt/airflow/dags/config_loader_dag.py
[2025-01-09T14:41:29.910+0000] {logging_mixin.py:149} INFO - [2025-01-09T14:41:29.910+0000] {dag.py:2726} INFO - Sync 1 DAGs
[2025-01-09T14:41:29.924+0000] {logging_mixin.py:149} INFO - [2025-01-09T14:41:29.924+0000] {dag.py:3490} INFO - Setting next_dagrun for config_loader_dag to 2025-01-09T00:00:00+00:00, run_after=2025-01-10T00:00:00+00:00
[2025-01-09T14:41:29.935+0000] {processor.py:179} INFO - Processing /opt/airflow/dags/config_loader_dag.py took 0.069 seconds
