[2025-01-09T14:35:04.279+0000] {processor.py:157} INFO - Started process (PID=163) to work on /opt/airflow/dags/hello_airflow.py
[2025-01-09T14:35:04.280+0000] {processor.py:826} INFO - Processing file /opt/airflow/dags/hello_airflow.py for tasks to queue
[2025-01-09T14:35:04.280+0000] {logging_mixin.py:149} INFO - [2025-01-09T14:35:04.280+0000] {dagbag.py:541} INFO - Filling up the DagBag from /opt/airflow/dags/hello_airflow.py
[2025-01-09T14:35:04.296+0000] {processor.py:836} INFO - DAG(s) dict_keys(['hello_airflow']) retrieved from /opt/airflow/dags/hello_airflow.py
[2025-01-09T14:35:04.390+0000] {logging_mixin.py:149} INFO - [2025-01-09T14:35:04.390+0000] {manager.py:504} INFO - Created Permission View: can read on DAG:hello_airflow
[2025-01-09T14:35:04.394+0000] {logging_mixin.py:149} INFO - [2025-01-09T14:35:04.394+0000] {manager.py:504} INFO - Created Permission View: can edit on DAG:hello_airflow
[2025-01-09T14:35:04.396+0000] {logging_mixin.py:149} INFO - [2025-01-09T14:35:04.396+0000] {manager.py:504} INFO - Created Permission View: can delete on DAG:hello_airflow
[2025-01-09T14:35:04.402+0000] {logging_mixin.py:149} INFO - [2025-01-09T14:35:04.402+0000] {dag.py:2726} INFO - Sync 1 DAGs
[2025-01-09T14:35:04.407+0000] {logging_mixin.py:149} INFO - [2025-01-09T14:35:04.407+0000] {dag.py:2747} INFO - Creating ORM DAG for hello_airflow
[2025-01-09T14:35:04.412+0000] {logging_mixin.py:149} INFO - [2025-01-09T14:35:04.412+0000] {dag.py:3490} INFO - Setting next_dagrun for hello_airflow to 2025-01-08T00:00:00+00:00, run_after=2025-01-09T00:00:00+00:00
[2025-01-09T14:35:04.419+0000] {processor.py:179} INFO - Processing /opt/airflow/dags/hello_airflow.py took 0.142 seconds
[2025-01-09T14:35:39.422+0000] {processor.py:157} INFO - Started process (PID=163) to work on /opt/airflow/dags/hello_airflow.py
[2025-01-09T14:35:39.423+0000] {processor.py:826} INFO - Processing file /opt/airflow/dags/hello_airflow.py for tasks to queue
[2025-01-09T14:35:39.424+0000] {logging_mixin.py:149} INFO - [2025-01-09T14:35:39.424+0000] {dagbag.py:541} INFO - Filling up the DagBag from /opt/airflow/dags/hello_airflow.py
[2025-01-09T14:35:39.429+0000] {processor.py:836} INFO - DAG(s) dict_keys(['hello_airflow']) retrieved from /opt/airflow/dags/hello_airflow.py
[2025-01-09T14:35:39.442+0000] {logging_mixin.py:149} INFO - [2025-01-09T14:35:39.442+0000] {dag.py:2726} INFO - Sync 1 DAGs
[2025-01-09T14:35:39.454+0000] {logging_mixin.py:149} INFO - [2025-01-09T14:35:39.454+0000] {dag.py:3490} INFO - Setting next_dagrun for hello_airflow to 2025-01-08T00:00:00+00:00, run_after=2025-01-09T00:00:00+00:00
[2025-01-09T14:35:39.461+0000] {processor.py:179} INFO - Processing /opt/airflow/dags/hello_airflow.py took 0.040 seconds
[2025-01-09T14:36:09.697+0000] {processor.py:157} INFO - Started process (PID=170) to work on /opt/airflow/dags/hello_airflow.py
[2025-01-09T14:36:09.698+0000] {processor.py:826} INFO - Processing file /opt/airflow/dags/hello_airflow.py for tasks to queue
[2025-01-09T14:36:09.699+0000] {logging_mixin.py:149} INFO - [2025-01-09T14:36:09.699+0000] {dagbag.py:541} INFO - Filling up the DagBag from /opt/airflow/dags/hello_airflow.py
[2025-01-09T14:36:09.717+0000] {processor.py:836} INFO - DAG(s) dict_keys(['hello_airflow']) retrieved from /opt/airflow/dags/hello_airflow.py
[2025-01-09T14:36:09.739+0000] {logging_mixin.py:149} INFO - [2025-01-09T14:36:09.739+0000] {dag.py:2726} INFO - Sync 1 DAGs
[2025-01-09T14:36:09.753+0000] {logging_mixin.py:149} INFO - [2025-01-09T14:36:09.753+0000] {dag.py:3490} INFO - Setting next_dagrun for hello_airflow to 2025-01-09T00:00:00+00:00, run_after=2025-01-10T00:00:00+00:00
[2025-01-09T14:36:09.761+0000] {processor.py:179} INFO - Processing /opt/airflow/dags/hello_airflow.py took 0.071 seconds
[2025-01-09T14:36:39.932+0000] {processor.py:157} INFO - Started process (PID=175) to work on /opt/airflow/dags/hello_airflow.py
[2025-01-09T14:36:39.933+0000] {processor.py:826} INFO - Processing file /opt/airflow/dags/hello_airflow.py for tasks to queue
[2025-01-09T14:36:39.933+0000] {logging_mixin.py:149} INFO - [2025-01-09T14:36:39.933+0000] {dagbag.py:541} INFO - Filling up the DagBag from /opt/airflow/dags/hello_airflow.py
[2025-01-09T14:36:39.943+0000] {processor.py:836} INFO - DAG(s) dict_keys(['hello_airflow']) retrieved from /opt/airflow/dags/hello_airflow.py
[2025-01-09T14:36:39.967+0000] {logging_mixin.py:149} INFO - [2025-01-09T14:36:39.966+0000] {dag.py:2726} INFO - Sync 1 DAGs
[2025-01-09T14:36:39.980+0000] {logging_mixin.py:149} INFO - [2025-01-09T14:36:39.980+0000] {dag.py:3490} INFO - Setting next_dagrun for hello_airflow to 2025-01-09T00:00:00+00:00, run_after=2025-01-10T00:00:00+00:00
[2025-01-09T14:36:39.988+0000] {processor.py:179} INFO - Processing /opt/airflow/dags/hello_airflow.py took 0.059 seconds
[2025-01-09T14:37:10.196+0000] {processor.py:157} INFO - Started process (PID=180) to work on /opt/airflow/dags/hello_airflow.py
[2025-01-09T14:37:10.196+0000] {processor.py:826} INFO - Processing file /opt/airflow/dags/hello_airflow.py for tasks to queue
[2025-01-09T14:37:10.197+0000] {logging_mixin.py:149} INFO - [2025-01-09T14:37:10.197+0000] {dagbag.py:541} INFO - Filling up the DagBag from /opt/airflow/dags/hello_airflow.py
[2025-01-09T14:37:10.205+0000] {processor.py:836} INFO - DAG(s) dict_keys(['hello_airflow']) retrieved from /opt/airflow/dags/hello_airflow.py
[2025-01-09T14:37:10.225+0000] {logging_mixin.py:149} INFO - [2025-01-09T14:37:10.225+0000] {dag.py:2726} INFO - Sync 1 DAGs
[2025-01-09T14:37:10.239+0000] {logging_mixin.py:149} INFO - [2025-01-09T14:37:10.239+0000] {dag.py:3490} INFO - Setting next_dagrun for hello_airflow to 2025-01-09T00:00:00+00:00, run_after=2025-01-10T00:00:00+00:00
[2025-01-09T14:37:10.247+0000] {processor.py:179} INFO - Processing /opt/airflow/dags/hello_airflow.py took 0.053 seconds
[2025-01-09T14:37:40.466+0000] {processor.py:157} INFO - Started process (PID=185) to work on /opt/airflow/dags/hello_airflow.py
[2025-01-09T14:37:40.466+0000] {processor.py:826} INFO - Processing file /opt/airflow/dags/hello_airflow.py for tasks to queue
[2025-01-09T14:37:40.467+0000] {logging_mixin.py:149} INFO - [2025-01-09T14:37:40.467+0000] {dagbag.py:541} INFO - Filling up the DagBag from /opt/airflow/dags/hello_airflow.py
[2025-01-09T14:37:40.475+0000] {processor.py:836} INFO - DAG(s) dict_keys(['hello_airflow']) retrieved from /opt/airflow/dags/hello_airflow.py
[2025-01-09T14:37:40.493+0000] {logging_mixin.py:149} INFO - [2025-01-09T14:37:40.493+0000] {dag.py:2726} INFO - Sync 1 DAGs
[2025-01-09T14:37:40.508+0000] {logging_mixin.py:149} INFO - [2025-01-09T14:37:40.507+0000] {dag.py:3490} INFO - Setting next_dagrun for hello_airflow to 2025-01-09T00:00:00+00:00, run_after=2025-01-10T00:00:00+00:00
[2025-01-09T14:37:40.515+0000] {processor.py:179} INFO - Processing /opt/airflow/dags/hello_airflow.py took 0.052 seconds
[2025-01-09T14:38:10.764+0000] {processor.py:157} INFO - Started process (PID=190) to work on /opt/airflow/dags/hello_airflow.py
[2025-01-09T14:38:10.765+0000] {processor.py:826} INFO - Processing file /opt/airflow/dags/hello_airflow.py for tasks to queue
[2025-01-09T14:38:10.766+0000] {logging_mixin.py:149} INFO - [2025-01-09T14:38:10.766+0000] {dagbag.py:541} INFO - Filling up the DagBag from /opt/airflow/dags/hello_airflow.py
[2025-01-09T14:38:10.776+0000] {processor.py:836} INFO - DAG(s) dict_keys(['hello_airflow']) retrieved from /opt/airflow/dags/hello_airflow.py
[2025-01-09T14:38:10.796+0000] {logging_mixin.py:149} INFO - [2025-01-09T14:38:10.796+0000] {dag.py:2726} INFO - Sync 1 DAGs
[2025-01-09T14:38:10.811+0000] {logging_mixin.py:149} INFO - [2025-01-09T14:38:10.811+0000] {dag.py:3490} INFO - Setting next_dagrun for hello_airflow to 2025-01-09T00:00:00+00:00, run_after=2025-01-10T00:00:00+00:00
[2025-01-09T14:38:10.819+0000] {processor.py:179} INFO - Processing /opt/airflow/dags/hello_airflow.py took 0.058 seconds
[2025-01-09T14:38:41.063+0000] {processor.py:157} INFO - Started process (PID=195) to work on /opt/airflow/dags/hello_airflow.py
[2025-01-09T14:38:41.063+0000] {processor.py:826} INFO - Processing file /opt/airflow/dags/hello_airflow.py for tasks to queue
[2025-01-09T14:38:41.064+0000] {logging_mixin.py:149} INFO - [2025-01-09T14:38:41.064+0000] {dagbag.py:541} INFO - Filling up the DagBag from /opt/airflow/dags/hello_airflow.py
[2025-01-09T14:38:41.073+0000] {processor.py:836} INFO - DAG(s) dict_keys(['hello_airflow']) retrieved from /opt/airflow/dags/hello_airflow.py
[2025-01-09T14:38:41.093+0000] {logging_mixin.py:149} INFO - [2025-01-09T14:38:41.093+0000] {dag.py:2726} INFO - Sync 1 DAGs
[2025-01-09T14:38:41.108+0000] {logging_mixin.py:149} INFO - [2025-01-09T14:38:41.108+0000] {dag.py:3490} INFO - Setting next_dagrun for hello_airflow to 2025-01-09T00:00:00+00:00, run_after=2025-01-10T00:00:00+00:00
[2025-01-09T14:38:41.116+0000] {processor.py:179} INFO - Processing /opt/airflow/dags/hello_airflow.py took 0.055 seconds
[2025-01-09T14:39:28.686+0000] {processor.py:157} INFO - Started process (PID=166) to work on /opt/airflow/dags/hello_airflow.py
[2025-01-09T14:39:28.687+0000] {processor.py:826} INFO - Processing file /opt/airflow/dags/hello_airflow.py for tasks to queue
[2025-01-09T14:39:28.688+0000] {logging_mixin.py:149} INFO - [2025-01-09T14:39:28.688+0000] {dagbag.py:541} INFO - Filling up the DagBag from /opt/airflow/dags/hello_airflow.py
[2025-01-09T14:39:28.695+0000] {processor.py:836} INFO - DAG(s) dict_keys(['hello_airflow']) retrieved from /opt/airflow/dags/hello_airflow.py
[2025-01-09T14:39:28.709+0000] {logging_mixin.py:149} INFO - [2025-01-09T14:39:28.709+0000] {dag.py:2726} INFO - Sync 1 DAGs
[2025-01-09T14:39:28.721+0000] {logging_mixin.py:149} INFO - [2025-01-09T14:39:28.721+0000] {dag.py:3490} INFO - Setting next_dagrun for hello_airflow to 2025-01-09T00:00:00+00:00, run_after=2025-01-10T00:00:00+00:00
[2025-01-09T14:39:28.732+0000] {processor.py:179} INFO - Processing /opt/airflow/dags/hello_airflow.py took 0.048 seconds
[2025-01-09T14:39:58.924+0000] {processor.py:157} INFO - Started process (PID=178) to work on /opt/airflow/dags/hello_airflow.py
[2025-01-09T14:39:58.925+0000] {processor.py:826} INFO - Processing file /opt/airflow/dags/hello_airflow.py for tasks to queue
[2025-01-09T14:39:58.927+0000] {logging_mixin.py:149} INFO - [2025-01-09T14:39:58.927+0000] {dagbag.py:541} INFO - Filling up the DagBag from /opt/airflow/dags/hello_airflow.py
[2025-01-09T14:39:58.937+0000] {processor.py:836} INFO - DAG(s) dict_keys(['hello_airflow']) retrieved from /opt/airflow/dags/hello_airflow.py
[2025-01-09T14:39:58.957+0000] {logging_mixin.py:149} INFO - [2025-01-09T14:39:58.957+0000] {dag.py:2726} INFO - Sync 1 DAGs
[2025-01-09T14:39:58.973+0000] {logging_mixin.py:149} INFO - [2025-01-09T14:39:58.972+0000] {dag.py:3490} INFO - Setting next_dagrun for hello_airflow to 2025-01-09T00:00:00+00:00, run_after=2025-01-10T00:00:00+00:00
[2025-01-09T14:39:58.982+0000] {processor.py:179} INFO - Processing /opt/airflow/dags/hello_airflow.py took 0.062 seconds
[2025-01-09T14:40:29.254+0000] {processor.py:157} INFO - Started process (PID=188) to work on /opt/airflow/dags/hello_airflow.py
[2025-01-09T14:40:29.257+0000] {processor.py:826} INFO - Processing file /opt/airflow/dags/hello_airflow.py for tasks to queue
[2025-01-09T14:40:29.259+0000] {logging_mixin.py:149} INFO - [2025-01-09T14:40:29.259+0000] {dagbag.py:541} INFO - Filling up the DagBag from /opt/airflow/dags/hello_airflow.py
[2025-01-09T14:40:29.269+0000] {processor.py:836} INFO - DAG(s) dict_keys(['hello_airflow']) retrieved from /opt/airflow/dags/hello_airflow.py
[2025-01-09T14:40:29.287+0000] {logging_mixin.py:149} INFO - [2025-01-09T14:40:29.287+0000] {dag.py:2726} INFO - Sync 1 DAGs
[2025-01-09T14:40:29.300+0000] {logging_mixin.py:149} INFO - [2025-01-09T14:40:29.300+0000] {dag.py:3490} INFO - Setting next_dagrun for hello_airflow to 2025-01-09T00:00:00+00:00, run_after=2025-01-10T00:00:00+00:00
[2025-01-09T14:40:29.308+0000] {processor.py:179} INFO - Processing /opt/airflow/dags/hello_airflow.py took 0.056 seconds
[2025-01-09T14:40:59.561+0000] {processor.py:157} INFO - Started process (PID=200) to work on /opt/airflow/dags/hello_airflow.py
[2025-01-09T14:40:59.565+0000] {processor.py:826} INFO - Processing file /opt/airflow/dags/hello_airflow.py for tasks to queue
[2025-01-09T14:40:59.566+0000] {logging_mixin.py:149} INFO - [2025-01-09T14:40:59.566+0000] {dagbag.py:541} INFO - Filling up the DagBag from /opt/airflow/dags/hello_airflow.py
[2025-01-09T14:40:59.576+0000] {processor.py:836} INFO - DAG(s) dict_keys(['hello_airflow']) retrieved from /opt/airflow/dags/hello_airflow.py
[2025-01-09T14:40:59.596+0000] {logging_mixin.py:149} INFO - [2025-01-09T14:40:59.596+0000] {dag.py:2726} INFO - Sync 1 DAGs
[2025-01-09T14:40:59.608+0000] {logging_mixin.py:149} INFO - [2025-01-09T14:40:59.607+0000] {dag.py:3490} INFO - Setting next_dagrun for hello_airflow to 2025-01-09T00:00:00+00:00, run_after=2025-01-10T00:00:00+00:00
[2025-01-09T14:40:59.619+0000] {processor.py:179} INFO - Processing /opt/airflow/dags/hello_airflow.py took 0.061 seconds
[2025-01-09T14:41:29.874+0000] {processor.py:157} INFO - Started process (PID=212) to work on /opt/airflow/dags/hello_airflow.py
[2025-01-09T14:41:29.879+0000] {processor.py:826} INFO - Processing file /opt/airflow/dags/hello_airflow.py for tasks to queue
[2025-01-09T14:41:29.880+0000] {logging_mixin.py:149} INFO - [2025-01-09T14:41:29.880+0000] {dagbag.py:541} INFO - Filling up the DagBag from /opt/airflow/dags/hello_airflow.py
[2025-01-09T14:41:29.890+0000] {processor.py:836} INFO - DAG(s) dict_keys(['hello_airflow']) retrieved from /opt/airflow/dags/hello_airflow.py
[2025-01-09T14:41:29.910+0000] {logging_mixin.py:149} INFO - [2025-01-09T14:41:29.910+0000] {dag.py:2726} INFO - Sync 1 DAGs
[2025-01-09T14:41:29.924+0000] {logging_mixin.py:149} INFO - [2025-01-09T14:41:29.924+0000] {dag.py:3490} INFO - Setting next_dagrun for hello_airflow to 2025-01-09T00:00:00+00:00, run_after=2025-01-10T00:00:00+00:00
[2025-01-09T14:41:29.935+0000] {processor.py:179} INFO - Processing /opt/airflow/dags/hello_airflow.py took 0.063 seconds
